<?xml version="1.0" encoding="UTF-8"?>
<!-- Generated by org.testng.reporters.JUnitXMLReporter -->
<testsuite ignored="3" hostname="DESKTOP-ML284IJ" failures="0" tests="1" name="Test home page cover title  on Chrome" time="95.99" errors="0" timestamp="2023-03-06T21:46:41 IST">
  <testcase classname="swiss.atfinity.testcases.HomePageTest" name="testHomePageCoverTitle" time="90.195"/>
  <testcase classname="swiss.atfinity.testcases.HomePageTest" name="testHomePageVideo" time="0.0">
    <ignored/>
  </testcase> <!-- testHomePageVideo -->
  <testcase classname="swiss.atfinity.testcases.HomePageTest" name="testHomePageClientOnboardingForSwissNeobankLink" time="0.0">
    <ignored/>
  </testcase> <!-- testHomePageClientOnboardingForSwissNeobankLink -->
  <testcase classname="swiss.atfinity.testcases.HomePageTest" name="testNavigationBar" time="0.0">
    <ignored/>
  </testcase> <!-- testNavigationBar -->
</testsuite> <!-- Test home page cover title  on Chrome -->
