<?xml version="1.0" encoding="UTF-8"?>
<!-- Generated by org.testng.reporters.JUnitXMLReporter -->
<testsuite ignored="3" hostname="DESKTOP-ML284IJ" failures="0" tests="1" name="Test home page End-to-end client journeys  on Chrome" time="127.756" errors="0" timestamp="2023-03-06T21:50:29 IST">
  <testcase classname="swiss.atfinity.testcases.HomePageTest" name="testHomePageClientOnboardingForSwissNeobankLink" time="125.485"/>
  <testcase classname="swiss.atfinity.testcases.HomePageTest" name="testHomePageVideo" time="0.0">
    <ignored/>
  </testcase> <!-- testHomePageVideo -->
  <testcase classname="swiss.atfinity.testcases.HomePageTest" name="testHomePageCoverTitle" time="0.0">
    <ignored/>
  </testcase> <!-- testHomePageCoverTitle -->
  <testcase classname="swiss.atfinity.testcases.HomePageTest" name="testNavigationBar" time="0.0">
    <ignored/>
  </testcase> <!-- testNavigationBar -->
</testsuite> <!-- Test home page End-to-end client journeys  on Chrome -->
